1504722809413	geckodriver	INFO	geckodriver 0.18.0
1504722809419	geckodriver	INFO	Listening on 127.0.0.1:59222
1504722810537	geckodriver::marionette	INFO	Starting browser /Applications/Firefox.app/Contents/MacOS/firefox-bin with args ["-marionette"]
1504722810831	addons.manager	DEBUG	Application has been upgraded
1504722810868	addons.manager	DEBUG	Loaded provider scope for resource://gre/modules/addons/XPIProvider.jsm: ["XPIProvider", "XPIInternal"]
1504722810873	addons.manager	DEBUG	Loaded provider scope for resource://gre/modules/LightweightThemeManager.jsm: ["LightweightThemeManager"]
1504722810907	addons.manager	DEBUG	Loaded provider scope for resource://gre/modules/addons/GMPProvider.jsm
1504722810910	addons.manager	DEBUG	Loaded provider scope for resource://gre/modules/addons/PluginProvider.jsm
1504722810911	addons.manager	DEBUG	Starting provider: XPIProvider
1504722810912	addons.xpi	DEBUG	startup
1504722810912	addons.xpi	INFO	SystemAddonInstallLocation directory is missing
1504722810912	addons.xpi	INFO	Removing all system add-on upgrades.
1504722810915	addons.xpi	DEBUG	checkForChanges
1504722810916	addons.xpi	WARN	Error parsing extensions state: [Exception... "Component returned failure code: 0x80520012 (NS_ERROR_FILE_NOT_FOUND) [amIAddonManagerStartup.readStartupData]"  nsresult: "0x80520012 (NS_ERROR_FILE_NOT_FOUND)"  location: "JS frame :: resource://gre/modules/addons/XPIProvider.jsm :: loadExtensionState :: line 1596"  data: no] Stack trace: loadExtensionState()@resource://gre/modules/addons/XPIProvider.jsm:1596 < getInstallState()@resource://gre/modules/addons/XPIProvider.jsm:1631 < checkForChanges()@resource://gre/modules/addons/XPIProvider.jsm:3152 < startup()@resource://gre/modules/addons/XPIProvider.jsm:2246 < callProvider()@resource://gre/modules/AddonManager.jsm:271 < _startProvider()@resource://gre/modules/AddonManager.jsm:741 < startup()@resource://gre/modules/AddonManager.jsm:908 < startup()@resource://gre/modules/AddonManager.jsm:3122 < observe()@jar:file:///Applications/Firefox.app/Contents/Resources/omni.ja!/components/addonManager.js:65
1504722810919	addons.xpi	DEBUG	Loaded add-on state: ${}
1504722810921	addons.xpi	INFO	Mapping aushelper@mozilla.org to /Applications/Firefox.app/Contents/Resources/browser/features/aushelper@mozilla.org.xpi
1504722810921	addons.xpi	INFO	Mapping clicktoplay-rollout@mozilla.org to /Applications/Firefox.app/Contents/Resources/browser/features/clicktoplay-rollout@mozilla.org.xpi
1504722810921	addons.xpi	INFO	Mapping e10srollout@mozilla.org to /Applications/Firefox.app/Contents/Resources/browser/features/e10srollout@mozilla.org.xpi
1504722810921	addons.xpi	INFO	Mapping firefox@getpocket.com to /Applications/Firefox.app/Contents/Resources/browser/features/firefox@getpocket.com.xpi
1504722810921	addons.xpi	INFO	Mapping followonsearch@mozilla.com to /Applications/Firefox.app/Contents/Resources/browser/features/followonsearch@mozilla.com.xpi
1504722810921	addons.xpi	INFO	Mapping screenshots@mozilla.org to /Applications/Firefox.app/Contents/Resources/browser/features/screenshots@mozilla.org.xpi
1504722810922	addons.xpi	INFO	Mapping shield-recipe-client@mozilla.org to /Applications/Firefox.app/Contents/Resources/browser/features/shield-recipe-client@mozilla.org.xpi
1504722810922	addons.xpi	INFO	Mapping webcompat@mozilla.org to /Applications/Firefox.app/Contents/Resources/browser/features/webcompat@mozilla.org.xpi
1504722810922	addons.xpi	DEBUG	New add-on aushelper@mozilla.org in app-system-defaults
1504722810923	addons.xpi	INFO	Mapping aushelper@mozilla.org to /Applications/Firefox.app/Contents/Resources/browser/features/aushelper@mozilla.org.xpi
1504722810924	addons.xpi	DEBUG	New add-on clicktoplay-rollout@mozilla.org in app-system-defaults
1504722810924	addons.xpi	INFO	Mapping clicktoplay-rollout@mozilla.org to /Applications/Firefox.app/Contents/Resources/browser/features/clicktoplay-rollout@mozilla.org.xpi
1504722810924	addons.xpi	DEBUG	New add-on e10srollout@mozilla.org in app-system-defaults
1504722810925	addons.xpi	INFO	Mapping e10srollout@mozilla.org to /Applications/Firefox.app/Contents/Resources/browser/features/e10srollout@mozilla.org.xpi
1504722810925	addons.xpi	DEBUG	New add-on firefox@getpocket.com in app-system-defaults
1504722810925	addons.xpi	INFO	Mapping firefox@getpocket.com to /Applications/Firefox.app/Contents/Resources/browser/features/firefox@getpocket.com.xpi
1504722810926	addons.xpi	DEBUG	New add-on followonsearch@mozilla.com in app-system-defaults
1504722810926	addons.xpi	INFO	Mapping followonsearch@mozilla.com to /Applications/Firefox.app/Contents/Resources/browser/features/followonsearch@mozilla.com.xpi
1504722810926	addons.xpi	DEBUG	New add-on screenshots@mozilla.org in app-system-defaults
1504722810926	addons.xpi	INFO	Mapping screenshots@mozilla.org to /Applications/Firefox.app/Contents/Resources/browser/features/screenshots@mozilla.org.xpi
1504722810927	addons.xpi	DEBUG	New add-on shield-recipe-client@mozilla.org in app-system-defaults
1504722810927	addons.xpi	INFO	Mapping shield-recipe-client@mozilla.org to /Applications/Firefox.app/Contents/Resources/browser/features/shield-recipe-client@mozilla.org.xpi
1504722810927	addons.xpi	DEBUG	New add-on webcompat@mozilla.org in app-system-defaults
1504722810927	addons.xpi	INFO	Mapping webcompat@mozilla.org to /Applications/Firefox.app/Contents/Resources/browser/features/webcompat@mozilla.org.xpi
1504722810928	addons.xpi	INFO	Mapping {972ce4c6-7e08-4474-a285-3208198ce6fd} to /Applications/Firefox.app/Contents/Resources/browser/extensions/{972ce4c6-7e08-4474-a285-3208198ce6fd}.xpi
1504722810928	addons.xpi	DEBUG	New add-on {972ce4c6-7e08-4474-a285-3208198ce6fd} in app-global
1504722810929	addons.xpi	INFO	Mapping {972ce4c6-7e08-4474-a285-3208198ce6fd} to /Applications/Firefox.app/Contents/Resources/browser/extensions/{972ce4c6-7e08-4474-a285-3208198ce6fd}.xpi
1504722810929	addons.xpi	DEBUG	getInstallState changed: true, state: {}
1504722810930	addons.xpi	INFO	SystemAddonInstallLocation directory is missing
1504722810941	addons.xpi-utils	DEBUG	Opening XPI database /var/folders/ky/hf7_9_sd2mx10ft7gscpj6h80000gn/T/rust_mozprofile.z0uVQpqk0hQO/extensions.json
1504722810943	addons.xpi-utils	DEBUG	New add-on aushelper@mozilla.org installed in app-system-defaults
*** Blocklist::_loadBlocklistFromFile: blocklist is disabled
1504722810981	DeferredSave.extensions.json	DEBUG	Save changes
1504722810983	addons.xpi-utils	DEBUG	New add-on clicktoplay-rollout@mozilla.org installed in app-system-defaults
1504722810987	DeferredSave.extensions.json	DEBUG	Starting timer
1504722810991	DeferredSave.extensions.json	DEBUG	Save changes
1504722810991	addons.xpi-utils	DEBUG	New add-on e10srollout@mozilla.org installed in app-system-defaults
1504722810997	DeferredSave.extensions.json	DEBUG	Save changes
1504722810998	addons.xpi-utils	DEBUG	New add-on firefox@getpocket.com installed in app-system-defaults
1504722811004	DeferredSave.extensions.json	DEBUG	Save changes
1504722811005	addons.xpi-utils	DEBUG	New add-on followonsearch@mozilla.com installed in app-system-defaults
1504722811009	DeferredSave.extensions.json	DEBUG	Save changes
1504722811009	addons.xpi-utils	DEBUG	New add-on screenshots@mozilla.org installed in app-system-defaults
1504722811020	DeferredSave.extensions.json	DEBUG	Save changes
1504722811020	addons.xpi-utils	DEBUG	New add-on shield-recipe-client@mozilla.org installed in app-system-defaults
1504722811024	DeferredSave.extensions.json	DEBUG	Save changes
1504722811025	addons.xpi-utils	DEBUG	New add-on webcompat@mozilla.org installed in app-system-defaults
1504722811028	DeferredSave.extensions.json	DEBUG	Save changes
1504722811029	addons.xpi-utils	DEBUG	New add-on {972ce4c6-7e08-4474-a285-3208198ce6fd} installed in app-global
1504722811033	DeferredSave.extensions.json	DEBUG	Save changes
1504722811034	addons.manager	DEBUG	Registering startup change 'installed' for aushelper@mozilla.org
1504722811050	addons.xpi	DEBUG	Loading bootstrap scope from /Applications/Firefox.app/Contents/Resources/browser/features/aushelper@mozilla.org.xpi
1504722811052	addons.xpi	DEBUG	Calling bootstrap method install on aushelper@mozilla.org version 2.0
1504722811052	addons.xpi-utils	DEBUG	Make addon app-system-defaults:aushelper@mozilla.org visible
1504722811053	addons.xpi	DEBUG	Updating XPIState for {"id":"aushelper@mozilla.org","syncGUID":"{c39f9f48-3771-044e-b180-c41735aebc7a}","location":"app-system-defaults","version":"2.0","type":"extension","internalName":null,"updateURL":null,"updateKey":null,"optionsURL":null,"optionsType":null,"aboutURL":null,"defaultLocale":{"name":"Application Update Service Helper","description":"Sets value(s) in the update url based on custom checks.","creator":null,"homepageURL":null},"visible":true,"active":false,"userDisabled":false,"appDisabled":false,"installDate":1503727174000,"updateDate":1503727174000,"applyBackgroundUpdates":1,"bootstrap":true,"path":"/Applications/Firefox.app/Contents/Resources/browser/features/aushelper@mozilla.org.xpi","skinnable":false,"size":8488,"sourceURI":null,"releaseNotesURI":null,"softDisabled":false,"foreignInstall":false,"hasBinaryComponents":false,"strictCompatibility":false,"locales":[],"targetApplications":[{"id":"{ec8030f7-c20a-464f-9b0e-13a3a9e97384}","minVersion":"55.0.3","maxVersion":"55.*"}],"targetPlatforms":[],"multiprocessCompatible":true,"seen":true,"dependencies":[],"hasEmbeddedWebExtension":false,"mpcOptedOut":false,"userPermissions":null,"icons":{},"iconURL":null,"icon64URL":null}
1504722811057	DeferredSave.extensions.json	DEBUG	Save changes
1504722811058	addons.manager	DEBUG	Registering startup change 'installed' for clicktoplay-rollout@mozilla.org
1504722811059	addons.xpi	DEBUG	Loading bootstrap scope from /Applications/Firefox.app/Contents/Resources/browser/features/clicktoplay-rollout@mozilla.org.xpi
1504722811073	addons.xpi	DEBUG	Calling bootstrap method install on clicktoplay-rollout@mozilla.org version 1.2
1504722811073	addons.xpi-utils	DEBUG	Make addon app-system-defaults:clicktoplay-rollout@mozilla.org visible
1504722811074	addons.xpi	DEBUG	Updating XPIState for {"id":"clicktoplay-rollout@mozilla.org","syncGUID":"{f67c5911-4414-f64c-89ec-bb0ef1ff8aee}","location":"app-system-defaults","version":"1.2","type":"extension","internalName":null,"updateURL":null,"updateKey":null,"optionsURL":null,"optionsType":null,"aboutURL":null,"defaultLocale":{"name":"Click-to-Play staged rollout","description":"Staged rollout for Click-to-Play Flash.","creator":null,"homepageURL":null},"visible":true,"active":false,"userDisabled":false,"appDisabled":false,"installDate":1503727174000,"updateDate":1503727174000,"applyBackgroundUpdates":1,"bootstrap":true,"path":"/Applications/Firefox.app/Contents/Resources/browser/features/clicktoplay-rollout@mozilla.org.xpi","skinnable":false,"size":5621,"sourceURI":null,"releaseNotesURI":null,"softDisabled":false,"foreignInstall":false,"hasBinaryComponents":false,"strictCompatibility":false,"locales":[],"targetApplications":[{"id":"{ec8030f7-c20a-464f-9b0e-13a3a9e97384}","minVersion":"55.0.3","maxVersion":"55.*"}],"targetPlatforms":[],"multiprocessCompatible":true,"seen":true,"dependencies":[],"hasEmbeddedWebExtension":false,"mpcOptedOut":false,"userPermissions":null,"icons":{},"iconURL":null,"icon64URL":null}
1504722811075	DeferredSave.extensions.json	DEBUG	Save changes
1504722811075	addons.manager	DEBUG	Registering startup change 'installed' for e10srollout@mozilla.org
1504722811076	addons.xpi	DEBUG	Loading bootstrap scope from /Applications/Firefox.app/Contents/Resources/browser/features/e10srollout@mozilla.org.xpi
1504722811078	addons.xpi	DEBUG	Calling bootstrap method install on e10srollout@mozilla.org version 2.0
1504722811081	addons.xpi-utils	DEBUG	Make addon app-system-defaults:e10srollout@mozilla.org visible
1504722811081	addons.xpi	DEBUG	Updating XPIState for {"id":"e10srollout@mozilla.org","syncGUID":"{199c8e7e-eb94-cf4e-b5a1-6fdcae836324}","location":"app-system-defaults","version":"2.0","type":"extension","internalName":null,"updateURL":null,"updateKey":null,"optionsURL":null,"optionsType":null,"aboutURL":null,"defaultLocale":{"name":"Multi-process staged rollout","description":"Staged rollout of Firefox multi-process feature.","creator":null,"homepageURL":null},"visible":true,"active":false,"userDisabled":false,"appDisabled":false,"installDate":1503727174000,"updateDate":1503727174000,"applyBackgroundUpdates":1,"bootstrap":true,"path":"/Applications/Firefox.app/Contents/Resources/browser/features/e10srollout@mozilla.org.xpi","skinnable":false,"size":13287,"sourceURI":null,"releaseNotesURI":null,"softDisabled":false,"foreignInstall":false,"hasBinaryComponents":false,"strictCompatibility":false,"locales":[],"targetApplications":[{"id":"{ec8030f7-c20a-464f-9b0e-13a3a9e97384}","minVersion":"55.0.3","maxVersion":"55.*"}],"targetPlatforms":[],"multiprocessCompatible":true,"seen":true,"dependencies":[],"hasEmbeddedWebExtension":false,"mpcOptedOut":false,"userPermissions":null,"icons":{},"iconURL":null,"icon64URL":null}
1504722811082	DeferredSave.extensions.json	DEBUG	Save changes
1504722811082	addons.manager	DEBUG	Registering startup change 'installed' for firefox@getpocket.com
1504722811083	addons.xpi	DEBUG	Loading bootstrap scope from /Applications/Firefox.app/Contents/Resources/browser/features/firefox@getpocket.com.xpi
1504722811090	addons.xpi	DEBUG	Calling bootstrap method install on firefox@getpocket.com version 1.0.5
1504722811090	addons.xpi-utils	DEBUG	Make addon app-system-defaults:firefox@getpocket.com visible
1504722811090	addons.xpi	DEBUG	Updating XPIState for {"id":"firefox@getpocket.com","syncGUID":"{636329b0-8317-4d41-8dc0-23fabd84da22}","location":"app-system-defaults","version":"1.0.5","type":"extension","internalName":null,"updateURL":null,"updateKey":null,"optionsURL":null,"optionsType":null,"aboutURL":null,"defaultLocale":{"name":"Pocket","description":"When you find something you want to view later, put it in Pocket.","creator":null,"homepageURL":null},"visible":true,"active":false,"userDisabled":false,"appDisabled":false,"installDate":1503727174000,"updateDate":1503727174000,"applyBackgroundUpdates":1,"bootstrap":true,"path":"/Applications/Firefox.app/Contents/Resources/browser/features/firefox@getpocket.com.xpi","skinnable":false,"size":862517,"sourceURI":null,"releaseNotesURI":null,"softDisabled":false,"foreignInstall":false,"hasBinaryComponents":false,"strictCompatibility":false,"locales":[],"targetApplications":[{"id":"{ec8030f7-c20a-464f-9b0e-13a3a9e97384}","minVersion":"55.0.3","maxVersion":"55.*"}],"targetPlatforms":[],"multiprocessCompatible":true,"seen":true,"dependencies":[],"hasEmbeddedWebExtension":false,"mpcOptedOut":false,"userPermissions":null,"icons":{},"iconURL":null,"icon64URL":null}
1504722811091	DeferredSave.extensions.json	DEBUG	Save changes
1504722811091	addons.manager	DEBUG	Registering startup change 'installed' for followonsearch@mozilla.com
1504722811092	addons.xpi	DEBUG	Loading bootstrap scope from /Applications/Firefox.app/Contents/Resources/browser/features/followonsearch@mozilla.com.xpi
1504722811094	addons.xpi	DEBUG	Calling bootstrap method install on followonsearch@mozilla.com version 0.9.1
1504722811095	addons.xpi-utils	DEBUG	Make addon app-system-defaults:followonsearch@mozilla.com visible
1504722811095	addons.xpi	DEBUG	Updating XPIState for {"id":"followonsearch@mozilla.com","syncGUID":"{5c5a9952-4850-c040-bc85-dab337155782}","location":"app-system-defaults","version":"0.9.1","type":"extension","internalName":null,"updateURL":null,"updateKey":null,"optionsURL":null,"optionsType":null,"aboutURL":null,"defaultLocale":{"name":"Follow-on Search Telemetry","description":null,"creator":null,"homepageURL":null},"visible":true,"active":false,"userDisabled":false,"appDisabled":false,"installDate":1503727172000,"updateDate":1503727172000,"applyBackgroundUpdates":1,"bootstrap":true,"path":"/Applications/Firefox.app/Contents/Resources/browser/features/followonsearch@mozilla.com.xpi","skinnable":false,"size":16730,"sourceURI":null,"releaseNotesURI":null,"softDisabled":false,"foreignInstall":false,"hasBinaryComponents":false,"strictCompatibility":false,"locales":[],"targetApplications":[{"id":"{ec8030f7-c20a-464f-9b0e-13a3a9e97384}","minVersion":"52.0","maxVersion":"59.*"}],"targetPlatforms":[],"multiprocessCompatible":true,"seen":true,"dependencies":[],"hasEmbeddedWebExtension":false,"mpcOptedOut":false,"userPermissions":null,"icons":{},"iconURL":null,"icon64URL":null}
1504722811096	DeferredSave.extensions.json	DEBUG	Save changes
1504722811097	addons.manager	DEBUG	Registering startup change 'installed' for screenshots@mozilla.org
1504722811098	addons.xpi	DEBUG	Loading bootstrap scope from /Applications/Firefox.app/Contents/Resources/browser/features/screenshots@mozilla.org.xpi
1504722811100	addons.xpi	DEBUG	Calling bootstrap method install on screenshots@mozilla.org version 10.12.0
1504722811101	addons.xpi-utils	DEBUG	Make addon app-system-defaults:screenshots@mozilla.org visible
1504722811101	addons.xpi	DEBUG	Updating XPIState for {"id":"screenshots@mozilla.org","syncGUID":"{eb5767e9-c7c6-4740-a40c-72a99d67bace}","location":"app-system-defaults","version":"10.12.0","type":"extension","internalName":null,"updateURL":null,"updateKey":null,"optionsURL":null,"optionsType":null,"aboutURL":null,"defaultLocale":{"name":"Firefox Screenshots","description":null,"creator":null,"homepageURL":"https://pageshot.net/"},"visible":true,"active":false,"userDisabled":false,"appDisabled":false,"installDate":1503727174000,"updateDate":1503727174000,"applyBackgroundUpdates":1,"bootstrap":true,"path":"/Applications/Firefox.app/Contents/Resources/browser/features/screenshots@mozilla.org.xpi","skinnable":false,"size":714554,"sourceURI":null,"releaseNotesURI":null,"softDisabled":false,"foreignInstall":false,"hasBinaryComponents":false,"strictCompatibility":false,"locales":[],"targetApplications":[{"id":"{ec8030f7-c20a-464f-9b0e-13a3a9e97384}","minVersion":"51.0a1","maxVersion":"*"}],"targetPlatforms":[],"multiprocessCompatible":true,"seen":true,"dependencies":[],"hasEmbeddedWebExtension":false,"mpcOptedOut":false,"userPermissions":null,"icons":{},"iconURL":null,"icon64URL":null}
1504722811101	DeferredSave.extensions.json	DEBUG	Save changes
1504722811102	addons.manager	DEBUG	Registering startup change 'installed' for shield-recipe-client@mozilla.org
1504722811103	addons.xpi	DEBUG	Loading bootstrap scope from /Applications/Firefox.app/Contents/Resources/browser/features/shield-recipe-client@mozilla.org.xpi
1504722811105	addons.xpi	DEBUG	Calling bootstrap method install on shield-recipe-client@mozilla.org version 55.1
1504722811105	addons.xpi-utils	DEBUG	Make addon app-system-defaults:shield-recipe-client@mozilla.org visible
1504722811106	addons.xpi	DEBUG	Updating XPIState for {"id":"shield-recipe-client@mozilla.org","syncGUID":"{869020b1-2453-7147-ba91-a27d49d089e0}","location":"app-system-defaults","version":"55.1","type":"extension","internalName":null,"updateURL":null,"updateKey":null,"optionsURL":null,"optionsType":null,"aboutURL":null,"defaultLocale":{"name":"Shield Recipe Client","description":"Client to download and run recipes for SHIELD, Heartbeat, etc.","creator":null,"homepageURL":null},"visible":true,"active":false,"userDisabled":false,"appDisabled":false,"installDate":1503727174000,"updateDate":1503727174000,"applyBackgroundUpdates":1,"bootstrap":true,"path":"/Applications/Firefox.app/Contents/Resources/browser/features/shield-recipe-client@mozilla.org.xpi","skinnable":false,"size":140305,"sourceURI":null,"releaseNotesURI":null,"softDisabled":false,"foreignInstall":false,"hasBinaryComponents":false,"strictCompatibility":false,"locales":[],"targetApplications":[{"id":"{ec8030f7-c20a-464f-9b0e-13a3a9e97384}","minVersion":"55.0.3","maxVersion":"55.*"}],"targetPlatforms":[],"multiprocessCompatible":true,"seen":true,"dependencies":[],"hasEmbeddedWebExtension":false,"mpcOptedOut":false,"userPermissions":null,"icons":{},"iconURL":null,"icon64URL":null}
1504722811107	DeferredSave.extensions.json	DEBUG	Save changes
1504722811108	addons.manager	DEBUG	Registering startup change 'installed' for webcompat@mozilla.org
1504722811109	addons.xpi	DEBUG	Loading bootstrap scope from /Applications/Firefox.app/Contents/Resources/browser/features/webcompat@mozilla.org.xpi
1504722811112	addons.xpi	DEBUG	Calling bootstrap method install on webcompat@mozilla.org version 1.1
1504722811112	addons.xpi-utils	DEBUG	Make addon app-system-defaults:webcompat@mozilla.org visible
1504722811112	addons.xpi	DEBUG	Updating XPIState for {"id":"webcompat@mozilla.org","syncGUID":"{bbbead70-a853-ee42-b240-8ecdf94c23af}","location":"app-system-defaults","version":"1.1","type":"extension","internalName":null,"updateURL":null,"updateKey":null,"optionsURL":null,"optionsType":null,"aboutURL":null,"defaultLocale":{"name":"Web Compat","description":"Urgent post-release fixes for web compatibility.","creator":null,"homepageURL":null},"visible":true,"active":false,"userDisabled":false,"appDisabled":false,"installDate":1503727174000,"updateDate":1503727174000,"applyBackgroundUpdates":1,"bootstrap":true,"path":"/Applications/Firefox.app/Contents/Resources/browser/features/webcompat@mozilla.org.xpi","skinnable":false,"size":8992,"sourceURI":null,"releaseNotesURI":null,"softDisabled":false,"foreignInstall":false,"hasBinaryComponents":false,"strictCompatibility":false,"locales":[],"targetApplications":[{"id":"{ec8030f7-c20a-464f-9b0e-13a3a9e97384}","minVersion":"55.0.3","maxVersion":"55.*"}],"targetPlatforms":[],"multiprocessCompatible":true,"seen":true,"dependencies":[],"hasEmbeddedWebExtension":false,"mpcOptedOut":false,"userPermissions":null,"icons":{},"iconURL":null,"icon64URL":null}
1504722811113	DeferredSave.extensions.json	DEBUG	Save changes
1504722811113	addons.xpi-utils	DEBUG	Make addon app-global:{972ce4c6-7e08-4474-a285-3208198ce6fd} visible
1504722811114	addons.xpi	DEBUG	Updating XPIState for {"id":"{972ce4c6-7e08-4474-a285-3208198ce6fd}","syncGUID":"{b25d0445-c6c4-4a4d-8cce-e33f00d409c8}","location":"app-global","version":"55.0.3","type":"theme","internalName":"classic/1.0","updateURL":null,"updateKey":null,"optionsURL":null,"optionsType":null,"optionsBrowserStyle":null,"aboutURL":null,"defaultLocale":{"name":"Default","description":"The default theme.","creator":"Mozilla","homepageURL":null,"contributors":["Mozilla Contributors"]},"visible":true,"active":false,"userDisabled":false,"appDisabled":false,"installDate":1503727174000,"updateDate":1503727174000,"applyBackgroundUpdates":1,"path":"/Applications/Firefox.app/Contents/Resources/browser/extensions/{972ce4c6-7e08-4474-a285-3208198ce6fd}.xpi","skinnable":true,"size":3588,"sourceURI":null,"releaseNotesURI":null,"softDisabled":false,"foreignInstall":false,"hasBinaryComponents":false,"strictCompatibility":true,"locales":[],"targetApplications":[{"id":"{ec8030f7-c20a-464f-9b0e-13a3a9e97384}","minVersion":"55.0.3","maxVersion":"55.0.3"}],"targetPlatforms":[],"seen":true,"dependencies":[],"hasEmbeddedWebExtension":false,"userPermissions":null,"icons":{},"iconURL":"chrome://browser/content/default-theme-icon.svg","icon64URL":null}
1504722811115	DeferredSave.extensions.json	DEBUG	Save changes
1504722811115	addons.xpi	DEBUG	Updating XPIState for {"id":"aushelper@mozilla.org","syncGUID":"{c39f9f48-3771-044e-b180-c41735aebc7a}","location":"app-system-defaults","version":"2.0","type":"extension","internalName":null,"updateURL":null,"updateKey":null,"optionsURL":null,"optionsType":null,"aboutURL":null,"defaultLocale":{"name":"Application Update Service Helper","description":"Sets value(s) in the update url based on custom checks.","creator":null,"homepageURL":null},"visible":true,"active":true,"userDisabled":false,"appDisabled":false,"installDate":1503727174000,"updateDate":1503727174000,"applyBackgroundUpdates":1,"bootstrap":true,"path":"/Applications/Firefox.app/Contents/Resources/browser/features/aushelper@mozilla.org.xpi","skinnable":false,"size":8488,"sourceURI":null,"releaseNotesURI":null,"softDisabled":false,"foreignInstall":false,"hasBinaryComponents":false,"strictCompatibility":false,"locales":[],"targetApplications":[{"id":"{ec8030f7-c20a-464f-9b0e-13a3a9e97384}","minVersion":"55.0.3","maxVersion":"55.*"}],"targetPlatforms":[],"multiprocessCompatible":true,"seen":true,"dependencies":[],"hasEmbeddedWebExtension":false,"mpcOptedOut":false,"userPermissions":null,"icons":{},"iconURL":null,"icon64URL":null}
1504722811116	addons.xpi	DEBUG	Updating XPIState for {"id":"clicktoplay-rollout@mozilla.org","syncGUID":"{f67c5911-4414-f64c-89ec-bb0ef1ff8aee}","location":"app-system-defaults","version":"1.2","type":"extension","internalName":null,"updateURL":null,"updateKey":null,"optionsURL":null,"optionsType":null,"aboutURL":null,"defaultLocale":{"name":"Click-to-Play staged rollout","description":"Staged rollout for Click-to-Play Flash.","creator":null,"homepageURL":null},"visible":true,"active":true,"userDisabled":false,"appDisabled":false,"installDate":1503727174000,"updateDate":1503727174000,"applyBackgroundUpdates":1,"bootstrap":true,"path":"/Applications/Firefox.app/Contents/Resources/browser/features/clicktoplay-rollout@mozilla.org.xpi","skinnable":false,"size":5621,"sourceURI":null,"releaseNotesURI":null,"softDisabled":false,"foreignInstall":false,"hasBinaryComponents":false,"strictCompatibility":false,"locales":[],"targetApplications":[{"id":"{ec8030f7-c20a-464f-9b0e-13a3a9e97384}","minVersion":"55.0.3","maxVersion":"55.*"}],"targetPlatforms":[],"multiprocessCompatible":true,"seen":true,"dependencies":[],"hasEmbeddedWebExtension":false,"mpcOptedOut":false,"userPermissions":null,"icons":{},"iconURL":null,"icon64URL":null}
1504722811116	addons.xpi	DEBUG	Updating XPIState for {"id":"e10srollout@mozilla.org","syncGUID":"{199c8e7e-eb94-cf4e-b5a1-6fdcae836324}","location":"app-system-defaults","version":"2.0","type":"extension","internalName":null,"updateURL":null,"updateKey":null,"optionsURL":null,"optionsType":null,"aboutURL":null,"defaultLocale":{"name":"Multi-process staged rollout","description":"Staged rollout of Firefox multi-process feature.","creator":null,"homepageURL":null},"visible":true,"active":true,"userDisabled":false,"appDisabled":false,"installDate":1503727174000,"updateDate":1503727174000,"applyBackgroundUpdates":1,"bootstrap":true,"path":"/Applications/Firefox.app/Contents/Resources/browser/features/e10srollout@mozilla.org.xpi","skinnable":false,"size":13287,"sourceURI":null,"releaseNotesURI":null,"softDisabled":false,"foreignInstall":false,"hasBinaryComponents":false,"strictCompatibility":false,"locales":[],"targetApplications":[{"id":"{ec8030f7-c20a-464f-9b0e-13a3a9e97384}","minVersion":"55.0.3","maxVersion":"55.*"}],"targetPlatforms":[],"multiprocessCompatible":true,"seen":true,"dependencies":[],"hasEmbeddedWebExtension":false,"mpcOptedOut":false,"userPermissions":null,"icons":{},"iconURL":null,"icon64URL":null}
1504722811117	addons.xpi	DEBUG	Updating XPIState for {"id":"firefox@getpocket.com","syncGUID":"{636329b0-8317-4d41-8dc0-23fabd84da22}","location":"app-system-defaults","version":"1.0.5","type":"extension","internalName":null,"updateURL":null,"updateKey":null,"optionsURL":null,"optionsType":null,"aboutURL":null,"defaultLocale":{"name":"Pocket","description":"When you find something you want to view later, put it in Pocket.","creator":null,"homepageURL":null},"visible":true,"active":true,"userDisabled":false,"appDisabled":false,"installDate":1503727174000,"updateDate":1503727174000,"applyBackgroundUpdates":1,"bootstrap":true,"path":"/Applications/Firefox.app/Contents/Resources/browser/features/firefox@getpocket.com.xpi","skinnable":false,"size":862517,"sourceURI":null,"releaseNotesURI":null,"softDisabled":false,"foreignInstall":false,"hasBinaryComponents":false,"strictCompatibility":false,"locales":[],"targetApplications":[{"id":"{ec8030f7-c20a-464f-9b0e-13a3a9e97384}","minVersion":"55.0.3","maxVersion":"55.*"}],"targetPlatforms":[],"multiprocessCompatible":true,"seen":true,"dependencies":[],"hasEmbeddedWebExtension":false,"mpcOptedOut":false,"userPermissions":null,"icons":{},"iconURL":null,"icon64URL":null}
1504722811117	addons.xpi	DEBUG	Updating XPIState for {"id":"followonsearch@mozilla.com","syncGUID":"{5c5a9952-4850-c040-bc85-dab337155782}","location":"app-system-defaults","version":"0.9.1","type":"extension","internalName":null,"updateURL":null,"updateKey":null,"optionsURL":null,"optionsType":null,"aboutURL":null,"defaultLocale":{"name":"Follow-on Search Telemetry","description":null,"creator":null,"homepageURL":null},"visible":true,"active":true,"userDisabled":false,"appDisabled":false,"installDate":1503727172000,"updateDate":1503727172000,"applyBackgroundUpdates":1,"bootstrap":true,"path":"/Applications/Firefox.app/Contents/Resources/browser/features/followonsearch@mozilla.com.xpi","skinnable":false,"size":16730,"sourceURI":null,"releaseNotesURI":null,"softDisabled":false,"foreignInstall":false,"hasBinaryComponents":false,"strictCompatibility":false,"locales":[],"targetApplications":[{"id":"{ec8030f7-c20a-464f-9b0e-13a3a9e97384}","minVersion":"52.0","maxVersion":"59.*"}],"targetPlatforms":[],"multiprocessCompatible":true,"seen":true,"dependencies":[],"hasEmbeddedWebExtension":false,"mpcOptedOut":false,"userPermissions":null,"icons":{},"iconURL":null,"icon64URL":null}
1504722811119	addons.xpi	DEBUG	Updating XPIState for {"id":"screenshots@mozilla.org","syncGUID":"{eb5767e9-c7c6-4740-a40c-72a99d67bace}","location":"app-system-defaults","version":"10.12.0","type":"extension","internalName":null,"updateURL":null,"updateKey":null,"optionsURL":null,"optionsType":null,"aboutURL":null,"defaultLocale":{"name":"Firefox Screenshots","description":null,"creator":null,"homepageURL":"https://pageshot.net/"},"visible":true,"active":true,"userDisabled":false,"appDisabled":false,"installDate":1503727174000,"updateDate":1503727174000,"applyBackgroundUpdates":1,"bootstrap":true,"path":"/Applications/Firefox.app/Contents/Resources/browser/features/screenshots@mozilla.org.xpi","skinnable":false,"size":714554,"sourceURI":null,"releaseNotesURI":null,"softDisabled":false,"foreignInstall":false,"hasBinaryComponents":false,"strictCompatibility":false,"locales":[],"targetApplications":[{"id":"{ec8030f7-c20a-464f-9b0e-13a3a9e97384}","minVersion":"51.0a1","maxVersion":"*"}],"targetPlatforms":[],"multiprocessCompatible":true,"seen":true,"dependencies":[],"hasEmbeddedWebExtension":false,"mpcOptedOut":false,"userPermissions":null,"icons":{},"iconURL":null,"icon64URL":null}
1504722811120	addons.xpi	DEBUG	Updating XPIState for {"id":"shield-recipe-client@mozilla.org","syncGUID":"{869020b1-2453-7147-ba91-a27d49d089e0}","location":"app-system-defaults","version":"55.1","type":"extension","internalName":null,"updateURL":null,"updateKey":null,"optionsURL":null,"optionsType":null,"aboutURL":null,"defaultLocale":{"name":"Shield Recipe Client","description":"Client to download and run recipes for SHIELD, Heartbeat, etc.","creator":null,"homepageURL":null},"visible":true,"active":true,"userDisabled":false,"appDisabled":false,"installDate":1503727174000,"updateDate":1503727174000,"applyBackgroundUpdates":1,"bootstrap":true,"path":"/Applications/Firefox.app/Contents/Resources/browser/features/shield-recipe-client@mozilla.org.xpi","skinnable":false,"size":140305,"sourceURI":null,"releaseNotesURI":null,"softDisabled":false,"foreignInstall":false,"hasBinaryComponents":false,"strictCompatibility":false,"locales":[],"targetApplications":[{"id":"{ec8030f7-c20a-464f-9b0e-13a3a9e97384}","minVersion":"55.0.3","maxVersion":"55.*"}],"targetPlatforms":[],"multiprocessCompatible":true,"seen":true,"dependencies":[],"hasEmbeddedWebExtension":false,"mpcOptedOut":false,"userPermissions":null,"icons":{},"iconURL":null,"icon64URL":null}
1504722811120	addons.xpi	DEBUG	Updating XPIState for {"id":"webcompat@mozilla.org","syncGUID":"{bbbead70-a853-ee42-b240-8ecdf94c23af}","location":"app-system-defaults","version":"1.1","type":"extension","internalName":null,"updateURL":null,"updateKey":null,"optionsURL":null,"optionsType":null,"aboutURL":null,"defaultLocale":{"name":"Web Compat","description":"Urgent post-release fixes for web compatibility.","creator":null,"homepageURL":null},"visible":true,"active":true,"userDisabled":false,"appDisabled":false,"installDate":1503727174000,"updateDate":1503727174000,"applyBackgroundUpdates":1,"bootstrap":true,"path":"/Applications/Firefox.app/Contents/Resources/browser/features/webcompat@mozilla.org.xpi","skinnable":false,"size":8992,"sourceURI":null,"releaseNotesURI":null,"softDisabled":false,"foreignInstall":false,"hasBinaryComponents":false,"strictCompatibility":false,"locales":[],"targetApplications":[{"id":"{ec8030f7-c20a-464f-9b0e-13a3a9e97384}","minVersion":"55.0.3","maxVersion":"55.*"}],"targetPlatforms":[],"multiprocessCompatible":true,"seen":true,"dependencies":[],"hasEmbeddedWebExtension":false,"mpcOptedOut":false,"userPermissions":null,"icons":{},"iconURL":null,"icon64URL":null}
1504722811120	addons.xpi	DEBUG	Updating XPIState for {"id":"{972ce4c6-7e08-4474-a285-3208198ce6fd}","syncGUID":"{b25d0445-c6c4-4a4d-8cce-e33f00d409c8}","location":"app-global","version":"55.0.3","type":"theme","internalName":"classic/1.0","updateURL":null,"updateKey":null,"optionsURL":null,"optionsType":null,"optionsBrowserStyle":null,"aboutURL":null,"defaultLocale":{"name":"Default","description":"The default theme.","creator":"Mozilla","homepageURL":null,"contributors":["Mozilla Contributors"]},"visible":true,"active":true,"userDisabled":false,"appDisabled":false,"installDate":1503727174000,"updateDate":1503727174000,"applyBackgroundUpdates":1,"path":"/Applications/Firefox.app/Contents/Resources/browser/extensions/{972ce4c6-7e08-4474-a285-3208198ce6fd}.xpi","skinnable":true,"size":3588,"sourceURI":null,"releaseNotesURI":null,"softDisabled":false,"foreignInstall":false,"hasBinaryComponents":false,"strictCompatibility":true,"locales":[],"targetApplications":[{"id":"{ec8030f7-c20a-464f-9b0e-13a3a9e97384}","minVersion":"55.0.3","maxVersion":"55.0.3"}],"targetPlatforms":[],"seen":true,"dependencies":[],"hasEmbeddedWebExtension":false,"userPermissions":null,"icons":{},"iconURL":"chrome://browser/content/default-theme-icon.svg","icon64URL":null}
1504722811122	DeferredSave.extensions.json	DEBUG	Save changes
1504722811122	addons.xpi	DEBUG	Updating database with changes to installed add-ons
1504722811122	addons.xpi-utils	DEBUG	Updating add-on states
1504722811130	addons.xpi	DEBUG	Registering manifest for /Applications/Firefox.app/Contents/Resources/browser/features/aushelper@mozilla.org.xpi
1504722811131	addons.xpi	DEBUG	Calling bootstrap method startup on aushelper@mozilla.org version 2.0
1504722811133	addons.xpi	DEBUG	Registering manifest for /Applications/Firefox.app/Contents/Resources/browser/features/clicktoplay-rollout@mozilla.org.xpi
1504722811133	addons.xpi	DEBUG	Calling bootstrap method startup on clicktoplay-rollout@mozilla.org version 1.2
1504722811198	addons.xpi	DEBUG	Registering manifest for /Applications/Firefox.app/Contents/Resources/browser/features/e10srollout@mozilla.org.xpi
1504722811198	addons.xpi	DEBUG	Calling bootstrap method startup on e10srollout@mozilla.org version 2.0
1504722811199	addons.xpi	DEBUG	Registering manifest for /Applications/Firefox.app/Contents/Resources/browser/features/firefox@getpocket.com.xpi
1504722811199	addons.xpi	DEBUG	Calling bootstrap method startup on firefox@getpocket.com version 1.0.5
1504722811246	addons.xpi	DEBUG	Registering manifest for /Applications/Firefox.app/Contents/Resources/browser/features/followonsearch@mozilla.com.xpi
1504722811246	addons.xpi	DEBUG	Calling bootstrap method startup on followonsearch@mozilla.com version 0.9.1
1504722811246	addons.xpi	DEBUG	Registering manifest for /Applications/Firefox.app/Contents/Resources/browser/features/screenshots@mozilla.org.xpi
1504722811247	addons.xpi	DEBUG	Calling bootstrap method startup on screenshots@mozilla.org version 10.12.0
1504722811247	addons.xpi	DEBUG	Registering manifest for /Applications/Firefox.app/Contents/Resources/browser/features/shield-recipe-client@mozilla.org.xpi
1504722811247	addons.xpi	DEBUG	Calling bootstrap method startup on shield-recipe-client@mozilla.org version 55.1
1504722811254	addons.xpi	DEBUG	Registering manifest for /Applications/Firefox.app/Contents/Resources/browser/features/webcompat@mozilla.org.xpi
1504722811255	addons.xpi	DEBUG	Calling bootstrap method startup on webcompat@mozilla.org version 1.1
1504722811260	addons.manager	DEBUG	Registering shutdown blocker for XPIProvider
1504722811261	addons.manager	DEBUG	Provider finished startup: XPIProvider
1504722811261	addons.manager	DEBUG	Starting provider: LightweightThemeManager
1504722811261	addons.manager	DEBUG	Registering shutdown blocker for LightweightThemeManager
1504722811261	addons.manager	DEBUG	Provider finished startup: LightweightThemeManager
1504722811261	addons.manager	DEBUG	Starting provider: GMPProvider
1504722811264	addons.manager	DEBUG	Registering shutdown blocker for GMPProvider
1504722811265	addons.manager	DEBUG	Provider finished startup: GMPProvider
1504722811265	addons.manager	DEBUG	Starting provider: PluginProvider
1504722811265	addons.manager	DEBUG	Registering shutdown blocker for PluginProvider
1504722811265	addons.manager	DEBUG	Provider finished startup: PluginProvider
1504722811266	addons.manager	DEBUG	Completed startup sequence
1504722811323	Marionette	INFO	Enabled via --marionette
1504722811542	addons.manager	DEBUG	Starting provider: PreviousExperimentProvider
1504722811542	addons.manager	DEBUG	Registering shutdown blocker for PreviousExperimentProvider
1504722811543	addons.manager	DEBUG	Provider finished startup: PreviousExperimentProvider
1504722811544	DeferredSave.extensions.json	DEBUG	Starting write
1504722811683	DeferredSave.extensions.json	DEBUG	Write succeeded
1504722811683	addons.xpi-utils	DEBUG	XPI Database saved, setting schema version preference to 21
2017-09-07 00:03:32.612 plugin-container[1853:2267299] *** CFMessagePort: bootstrap_register(): failed 1100 (0x44c) 'Permission denied', port = 0xa43b, name = 'com.apple.tsm.portname'
See /usr/include/servers/bootstrap_defs.h for the error codes.
2017-09-07 00:03:32.613 plugin-container[1853:2267299] *** CFMessagePort: bootstrap_register(): failed 1100 (0x44c) 'Permission denied', port = 0xa703, name = 'com.apple.CFPasteboardClient'
See /usr/include/servers/bootstrap_defs.h for the error codes.
1504722812671	addons.manager	DEBUG	Starting provider: <unnamed-provider>
1504722812671	addons.manager	DEBUG	Registering shutdown blocker for <unnamed-provider>
1504722812671	addons.manager	DEBUG	Provider finished startup: <unnamed-provider>
1504722812674	addons.xpi	INFO	Mapping aushelper@mozilla.org to /Applications/Firefox.app/Contents/Resources/browser/features/aushelper@mozilla.org.xpi
1504722812674	addons.xpi	INFO	Mapping clicktoplay-rollout@mozilla.org to /Applications/Firefox.app/Contents/Resources/browser/features/clicktoplay-rollout@mozilla.org.xpi
1504722812674	addons.xpi	INFO	Mapping e10srollout@mozilla.org to /Applications/Firefox.app/Contents/Resources/browser/features/e10srollout@mozilla.org.xpi
1504722812674	addons.xpi	INFO	Mapping firefox@getpocket.com to /Applications/Firefox.app/Contents/Resources/browser/features/firefox@getpocket.com.xpi
1504722812674	addons.xpi	INFO	Mapping followonsearch@mozilla.com to /Applications/Firefox.app/Contents/Resources/browser/features/followonsearch@mozilla.com.xpi
1504722812675	addons.xpi	INFO	Mapping screenshots@mozilla.org to /Applications/Firefox.app/Contents/Resources/browser/features/screenshots@mozilla.org.xpi
1504722812675	addons.xpi	INFO	Mapping shield-recipe-client@mozilla.org to /Applications/Firefox.app/Contents/Resources/browser/features/shield-recipe-client@mozilla.org.xpi
1504722812675	addons.xpi	INFO	Mapping webcompat@mozilla.org to /Applications/Firefox.app/Contents/Resources/browser/features/webcompat@mozilla.org.xpi
1504722812675	addons.xpi	DEBUG	Existing add-on aushelper@mozilla.org in app-system-defaults
1504722812675	addons.xpi	DEBUG	Existing add-on clicktoplay-rollout@mozilla.org in app-system-defaults
1504722812676	addons.xpi	DEBUG	Existing add-on e10srollout@mozilla.org in app-system-defaults
1504722812676	addons.xpi	DEBUG	Existing add-on firefox@getpocket.com in app-system-defaults
1504722812676	addons.xpi	DEBUG	Existing add-on followonsearch@mozilla.com in app-system-defaults
1504722812676	addons.xpi	DEBUG	Existing add-on screenshots@mozilla.org in app-system-defaults
1504722812676	addons.xpi	DEBUG	Existing add-on shield-recipe-client@mozilla.org in app-system-defaults
1504722812676	addons.xpi	DEBUG	Existing add-on webcompat@mozilla.org in app-system-defaults
1504722812677	addons.xpi	INFO	Mapping {972ce4c6-7e08-4474-a285-3208198ce6fd} to /Applications/Firefox.app/Contents/Resources/browser/extensions/{972ce4c6-7e08-4474-a285-3208198ce6fd}.xpi
1504722812677	addons.xpi	DEBUG	Existing add-on {972ce4c6-7e08-4474-a285-3208198ce6fd} in app-global
1504722812677	addons.xpi	DEBUG	getInstallState changed: false, state: {}
1504722812736	addons.productaddons	INFO	sending request to: https://aus5.mozilla.org/update/3/GMP/55.0.3/20170824053838/Darwin_x86_64-gcc3/en-US/release/Darwin%2016.7.0/default/default/update.xml
1504722812830	Marionette	INFO	Listening on port 59231
JavaScript error: chrome://marionette/content/server.js, line 337: NS_ERROR_SOCKET_ADDRESS_IN_USE: Component returned failure code: 0x804b0036 (NS_ERROR_SOCKET_ADDRESS_IN_USE) [nsIServerSocket.initSpecialConnection]
1504722812938	Marionette	WARN	TLS certificate errors will be ignored for this session
1504722812975	Marionette	DEBUG	loaded listener.js
1504722813003	Marionette	DEBUG	Received DOM event "beforeunload" for "about:blank"
1504722813447	Marionette	DEBUG	Received DOM event "pagehide" for "about:blank"
1504722813447	Marionette	DEBUG	Received DOM event "unload" for "about:blank"
1504722813675	Marionette	DEBUG	Received DOM event "DOMContentLoaded" for "https://www.google.co.in/"
1504722814545	addons.productaddons	INFO	Completed downloading document
1504722814546	addons.productaddons	ERROR	Request failed certificate checks: [Exception... "Certificate checks failed. See previous errors for details."  nsresult: "0x80070057 (NS_ERROR_ILLEGAL_VALUE)"  location: "JS frame :: resource://gre/modules/CertUtils.jsm :: validateCert :: line 113"  data: no]
1504722814546	addons.productaddons	INFO	fetching config from: chrome://global/content/gmp-sources/openh264.json
1504722814547	addons.productaddons	INFO	fetching config from: chrome://global/content/gmp-sources/widevinecdm.json
1504722814548	addons.productaddons	INFO	found plugin: gmp-gmpopenh264
1504722814548	addons.productaddons	INFO	found plugin: gmp-widevinecdm
1504722814699	Marionette	DEBUG	Received observer notification "outer-window-destroyed" for "2147483653"
1504722814702	Marionette	DEBUG	Received DOM event "DOMContentLoaded" for "https://www.google.co.in/"
1504722814706	Marionette	DEBUG	Received DOM event "pageshow" for "https://www.google.co.in/"
1504722815343	addons.productaddons	INFO	downloadXHR File download. status=200
1504722815346	addons.productaddons	INFO	Downloaded file will be saved to /var/folders/ky/hf7_9_sd2mx10ft7gscpj6h80000gn/T/tmpaddon
1504722815882	Marionette	DEBUG	Received DOM event "pageshow" for "https://www.google.co.in/"
1504722817265	Marionette	DEBUG	Received DOM event "pagehide" for "https://www.google.co.in/search?source=hp&q=datalicious&oq=datalicious&gs_l=psy-ab.3...864.899.0.943.11.1.0.0.0.0.0.0..0.0....0...1.1.64.psy-ab..11.0.0.l60ZLLk3Nhc"
1504722817292	Marionette	DEBUG	Received observer notification "outer-window-destroyed" for "2147483660"
1504722817297	Marionette	DEBUG	Received DOM event "pagehide" for "https://www.google.co.in/search?source=hp&q=datalicious&oq=datalicious&gs_l=psy-ab.3...864.899.0.943.11.1.0.0.0.0.0.0..0.0....0...1.1.64.psy-ab..11.0.0.l60ZLLk3Nhc"
1504722817419	Marionette	DEBUG	Received DOM event "pagehide" for "https://www.google.co.in/search?source=hp&q=datalicious&oq=datalicious&gs_l=psy-ab.3...864.899.0.943.11.1.0.0.0.0.0.0..0.0....0...1.1.64.psy-ab..11.0.0.l60ZLLk3Nhc"
1504722817421	Marionette	DEBUG	Received DOM event "beforeunload" for "https://www.google.co.in/search?source=hp&q=datalicious&oq=datalicious&gs_l=psy-ab.3...864.899.0.943.11.1.0.0.0.0.0.0..0.0....0...1.1.64.psy-ab..11.0.0.l60ZLLk3Nhc"
1504722817434	Marionette	DEBUG	Received DOM event "pagehide" for "https://www.google.co.in/url?sa=t&rct=j&q=&esrc=s&source=web&cd=1&ved=0ahUKEwiDpsWnmZHWAhWMRo8KHaNBCzEQFgglMAA&url=https%3A%2F%2Fwww.datalicious.com%2F&usg=AFQjCNHS-QAjdwk9T4MCEd1QEfeC92Nt7w"
1504722818182	addons.productaddons	INFO	downloadXHR File download. status=200
1504722818184	addons.productaddons	INFO	Downloaded file will be saved to /var/folders/ky/hf7_9_sd2mx10ft7gscpj6h80000gn/T/tmpaddon
1504722820207	Marionette	DEBUG	Received DOM event "pagehide" for "https://www.google.co.in/search?source=hp&q=datalicious&oq=datalicious&gs_l=psy-ab.3...864.899.0.943.11.1.0.0.0.0.0.0..0.0....0...1.1.64.psy-ab..11.0.0.l60ZLLk3Nhc"
1504722820209	Marionette	DEBUG	Received DOM event "unload" for "https://www.google.co.in/search?source=hp&q=datalicious&oq=datalicious&gs_l=psy-ab.3...864.899.0.943.11.1.0.0.0.0.0.0..0.0....0...1.1.64.psy-ab..11.0.0.l60ZLLk3Nhc"
1504722822299	Marionette	DEBUG	Received observer notification "outer-window-destroyed" for "2147483662"
1504722822299	Marionette	DEBUG	Received observer notification "outer-window-destroyed" for "2147483658"
1504722823341	Marionette	DEBUG	Received DOM event "DOMContentLoaded" for "https://www.datalicious.com/"
1504722825821	Marionette	DEBUG	Received DOM event "DOMContentLoaded" for "https://www.datalicious.com/"
1504722825831	Marionette	DEBUG	Received DOM event "pageshow" for "https://www.datalicious.com/"
1504722826133	Marionette	DEBUG	Received observer notification "outer-window-destroyed" for "2147483666"
1504722829642	Marionette	DEBUG	Received DOM event "pageshow" for "https://www.datalicious.com/"
1504722839897	Marionette	INFO	New connections will no longer be accepted
1504722839955	addons.xpi	DEBUG	Calling bootstrap method shutdown on webcompat@mozilla.org version 1.1
1504722839956	addons.xpi	DEBUG	Calling bootstrap method shutdown on shield-recipe-client@mozilla.org version 55.1
1504722839960	addons.xpi	DEBUG	Calling bootstrap method shutdown on screenshots@mozilla.org version 10.12.0
1504722839961	addons.xpi	DEBUG	Calling bootstrap method shutdown on followonsearch@mozilla.com version 0.9.1
1504722839962	addons.xpi	DEBUG	Calling bootstrap method shutdown on firefox@getpocket.com version 1.0.5
1504722839963	addons.xpi	DEBUG	Calling bootstrap method shutdown on e10srollout@mozilla.org version 2.0
1504722839963	addons.xpi	DEBUG	Calling bootstrap method shutdown on clicktoplay-rollout@mozilla.org version 1.2
1504722839964	addons.xpi	DEBUG	Calling bootstrap method shutdown on aushelper@mozilla.org version 2.0
